<?xml version="1.0" encoding="UTF-8"?>
<!-- Generated by org.testng.reporters.JUnitReportReporter -->
<testsuite skipped="0" hostname="BLRL42468" name="com.src.testng.TestNGParallel.Internet" tests="1" failures="0" timestamp="21 Dec 2018 16:24:39 GMT" time="13.790" errors="0">
  <testcase name="startBrowser" time="13.790" classname="com.src.testng.TestNGParallel.Internet"/>
</testsuite> <!-- com.src.testng.TestNGParallel.Internet -->
