<?xml version="1.0" encoding="UTF-8"?>
<!-- Generated by org.testng.reporters.JUnitReportReporter -->
<testsuite skipped="0" hostname="BLRL42468" name="com.src.testng.TestNGParallel.Browser" tests="1" failures="0" timestamp="20 Dec 2018 01:52:23 GMT" time="2.742" errors="0">
  <testcase name="startBrowser" time="2.742" classname="com.src.testng.TestNGParallel.Browser"/>
</testsuite> <!-- com.src.testng.TestNGParallel.Browser -->
