<?xml version="1.0" encoding="UTF-8"?>
<!-- Generated by org.testng.reporters.JUnitReportReporter -->
<testsuite skipped="0" hostname="BLRL42468" name="com.src.testng.TestNGParallel.Firefox" tests="1" failures="0" timestamp="21 Dec 2018 16:24:39 GMT" time="26.075" errors="0">
  <testcase name="startBrowser" time="26.075" classname="com.src.testng.TestNGParallel.Firefox"/>
</testsuite> <!-- com.src.testng.TestNGParallel.Firefox -->
