<?xml version="1.0" encoding="UTF-8"?>
<!-- Generated by org.testng.reporters.JUnitReportReporter -->
<testsuite skipped="0" hostname="BLRL42468" name="com.src.testng.TestNGParallel.grids.GridExample" tests="2" failures="0" timestamp="20 Dec 2018 09:29:31 GMT" time="33.002" errors="0">
  <testcase name="initGoogle" time="7.383" classname="com.src.testng.TestNGParallel.grids.GridExample"/>
  <testcase name="initYahoo" time="25.619" classname="com.src.testng.TestNGParallel.grids.GridExample"/>
</testsuite> <!-- com.src.testng.TestNGParallel.grids.GridExample -->
